
/home/runner/work/exp-shell-and-tube-heat-exchanger-iitb/exp-shell-and-tube-heat-exchanger-iitb/experiment/simulation/common_libraries/js/ts_components/collapse_step.js
   1:10  warning  'show_step' is defined but never used                 no-unused-vars
   2:5   warning  '$' is not defined                                    no-undef
   3:9   warning  '$' is not defined                                    no-undef
   6:10  warning  'hide_step' is defined but never used                 no-unused-vars
   7:5   warning  '$' is not defined                                    no-undef
   8:9   warning  '$' is not defined                                    no-undef
  11:10  warning  'get_collapse_btn_text' is defined but never used     no-unused-vars
  20:10  warning  'get_collapse_btn_element' is defined but never used  no-unused-vars
  29:10  warning  'hide_all_steps' is defined but never used            no-unused-vars
  31:9   warning  '$' is not defined                                    no-undef

/home/runner/work/exp-shell-and-tube-heat-exchanger-iitb/exp-shell-and-tube-heat-exchanger-iitb/experiment/simulation/common_libraries/js/ts_components/matrix.js
   27:26  warning  'MathJax' is not defined                                no-undef
   32:7   warning  'Matrix_Without_String' is defined but never used       no-unused-vars
   52:26  warning  'MathJax' is not defined                                no-undef
   56:10  warning  'get_matrix_html' is defined but never used             no-unused-vars
   87:13  warning  'row_html' is assigned a value but never used           no-unused-vars
   99:10  warning  'get_matrix_html_with_title' is defined but never used  no-unused-vars
  131:13  warning  'row_html' is assigned a value but never used           no-unused-vars
  143:10  warning  'convert_2d_to_1d_vector' is defined but never used     no-unused-vars
  156:10  warning  'convert_1d_to_2d_matrix' is defined but never used     no-unused-vars

/home/runner/work/exp-shell-and-tube-heat-exchanger-iitb/exp-shell-and-tube-heat-exchanger-iitb/experiment/simulation/common_libraries/js/ts_components/pannel.js
  8:7  warning  'Pannel' is defined but never used  no-unused-vars

/home/runner/work/exp-shell-and-tube-heat-exchanger-iitb/exp-shell-and-tube-heat-exchanger-iitb/experiment/simulation/common_libraries/js/ts_components/questions.js
   6:17  warning  'op1' is assigned a value but never used      no-unused-vars
   7:17  warning  'op2' is assigned a value but never used      no-unused-vars
   8:17  warning  'op3' is assigned a value but never used      no-unused-vars
   9:17  warning  'op4' is assigned a value but never used      no-unused-vars
  94:7   warning  'Question_Options' is defined but never used  no-unused-vars

/home/runner/work/exp-shell-and-tube-heat-exchanger-iitb/exp-shell-and-tube-heat-exchanger-iitb/experiment/simulation/common_libraries/js/ts_components/tables.js
   19:22  warning  'verify_values' is not defined                                     no-undef
  137:22  warning  'verify_values' is not defined                                     no-undef
  260:7   warning  'Verify_Rows_Cols_6_decimal_places' is defined but never used      no-unused-vars
  311:22  warning  'verify_values' is not defined                                     no-undef
  416:7   warning  'Verify_Rows_Cols_Custom_Fixed_Update1' is defined but never used  no-unused-vars
  468:7   warning  'Show_Table_Custom_Fixed' is defined but never used                no-unused-vars
  506:7   warning  'Verify_Rows_Cols_Strings' is defined but never used               no-unused-vars
  527:22  warning  'verify_values' is not defined                                     no-undef
  663:7   warning  'Display_Table' is defined but never used                          no-unused-vars

/home/runner/work/exp-shell-and-tube-heat-exchanger-iitb/exp-shell-and-tube-heat-exchanger-iitb/experiment/simulation/common_libraries/js/ts_math_library/general_math_functions.js
    1:10  warning  'verify_values' is defined but never used                   no-unused-vars
   17:10  warning  'random1' is defined but never used                         no-unused-vars
   21:10  warning  'std_deviation' is defined but never used                   no-unused-vars
   26:10  warning  'gauss' is defined but never used                           no-unused-vars
   56:10  warning  'hide_panel' is defined but never used                      no-unused-vars
   63:10  warning  'inverse_matrix' is defined but never used                  no-unused-vars
   96:10  warning  'matrix_multiplication' is defined but never used           no-unused-vars
  113:10  warning  'transpose_matrix' is defined but never used                no-unused-vars
  123:10  warning  'matrix_multiplication_8decimal' is defined but never used  no-unused-vars
  140:10  warning  'adjoint_2x2_matrix' is defined but never used              no-unused-vars
  145:10  warning  'find_deteminant' is defined but never used                 no-unused-vars
  174:10  warning  'get_Submatrix' is defined but never used                   no-unused-vars

/home/runner/work/exp-shell-and-tube-heat-exchanger-iitb/exp-shell-and-tube-heat-exchanger-iitb/experiment/simulation/common_libraries/js/ts_math_library/regression.js
   1:10  warning  'regression_linear' is defined but never used            no-unused-vars
  18:10  warning  'regression_linear_1variable' is defined but never used  no-unused-vars
  27:10  warning  'regression_linear_2variable' is defined but never used  no-unused-vars
  52:11  warning  'gauss' is not defined                                   no-undef

/home/runner/work/exp-shell-and-tube-heat-exchanger-iitb/exp-shell-and-tube-heat-exchanger-iitb/experiment/simulation/common_libraries/math.ob.js
  1:745  warning  'b' is already defined  no-redeclare

/home/runner/work/exp-shell-and-tube-heat-exchanger-iitb/exp-shell-and-tube-heat-exchanger-iitb/experiment/simulation/js/activity1.js
    8:14   warning  'Pannel' is not defined                                no-undef
   14:10   warning  'start_act1' is defined but never used                 no-unused-vars
   21:10   warning  'move_to_activity2' is defined but never used          no-unused-vars
   24:5    warning  'activity3' is not defined                             no-undef
   33:5    warning  'global_score' is assigned a value but never used      no-unused-vars
   34:5    warning  'a1_panel' is defined but never used                   no-unused-vars
   35:5    warning  'all_text_content' is assigned a value but never used  no-unused-vars
   36:5    warning  'canvas_box_scale' is already defined                  no-redeclare
   36:5    warning  'canvas_box_scale' is assigned a value but never used  no-unused-vars
   39:5    warning  'a1_scene' is defined but never used                   no-unused-vars
   46:5    warning  'display_score' is defined but never used              no-unused-vars
   47:5    warning  'timer1' is assigned a value but never used            no-unused-vars
   65:17   warning  'Scene' is not defined                                 no-undef
   70:27   warning  'bootstrap' is not defined                             no-undef
  111:18   warning  'Chemistry' is not defined                             no-undef
  111:42   warning  'tank' is not defined                                  no-undef
  111:52   warning  'Chemistry' is not defined                             no-undef
  114:9    warning  'sq' is already defined                                no-redeclare
  114:18   warning  'Chemistry' is not defined                             no-undef
  114:42   warning  'pump' is not defined                                  no-undef
  114:52   warning  'Chemistry' is not defined                             no-undef
  117:9    warning  'sq' is already defined                                no-redeclare
  117:18   warning  'Chemistry' is not defined                             no-undef
  117:42   warning  'heater' is not defined                                no-undef
  117:54   warning  'Chemistry' is not defined                             no-undef
  120:9    warning  'sq' is already defined                                no-redeclare
  120:18   warning  'Chemistry' is not defined                             no-undef
  120:42   warning  'temp_controller' is not defined                       no-undef
  120:63   warning  'Chemistry' is not defined                             no-undef
  123:9    warning  'sq' is already defined                                no-redeclare
  123:18   warning  'Chemistry' is not defined                             no-undef
  123:42   warning  'temp_indi_blue' is not defined                        no-undef
  123:62   warning  'Chemistry' is not defined                             no-undef
  126:9    warning  'sq' is already defined                                no-redeclare
  126:18   warning  'Chemistry' is not defined                             no-undef
  126:42   warning  'heat_exchanger' is not defined                        no-undef
  126:62   warning  'Chemistry' is not defined                             no-undef
  129:9    warning  'sq' is already defined                                no-redeclare
  129:18   warning  'Chemistry' is not defined                             no-undef
  129:42   warning  'pipe_h_img' is not defined                            no-undef
  129:58   warning  'Chemistry' is not defined                             no-undef
  132:9    warning  'sq' is already defined                                no-redeclare
  132:18   warning  'Chemistry' is not defined                             no-undef
  132:42   warning  'pipe_v_img' is not defined                            no-undef
  132:58   warning  'Chemistry' is not defined                             no-undef
  135:9    warning  'sq' is already defined                                no-redeclare
  135:18   warning  'Chemistry' is not defined                             no-undef
  135:42   warning  'glass_sec' is not defined                             no-undef
  135:57   warning  'Chemistry' is not defined                             no-undef
  224:25   warning  'Chemistry' is not defined                             no-undef
  224:50   warning  'Chemistry' is not defined                             no-undef
  235:10   warning  'tank_r' is not defined                                no-undef
  235:18   warning  'tank_w' is not defined                                no-undef
  236:10   warning  'pump_r' is not defined                                no-undef
  236:18   warning  'pump_w' is not defined                                no-undef
  237:10   warning  'heater_r' is not defined                              no-undef
  237:20   warning  'heater_w' is not defined                              no-undef
  238:10   warning  'temp_controller_r' is not defined                     no-undef
  238:29   warning  'temp_controller_w' is not defined                     no-undef
  239:10   warning  'temp_indicator_r' is not defined                      no-undef
  239:28   warning  'temp_indicator_w' is not defined                      no-undef
  240:10   warning  'test_section_r' is not defined                        no-undef
  240:26   warning  'test_section_w' is not defined                        no-undef
  241:10   warning  'pipe_h_r' is not defined                              no-undef
  241:20   warning  'pipe_h_w' is not defined                              no-undef
  242:10   warning  'pipe_v_r' is not defined                              no-undef
  242:20   warning  'pipe_v_w' is not defined                              no-undef
  243:10   warning  'glass_sec_r' is not defined                           no-undef
  243:23   warning  'glass_sec_w' is not defined                           no-undef
  246:13   warning  'Chemistry' is not defined                             no-undef
  246:40   warning  'Chemistry' is not defined                             no-undef
  247:13   warning  'Chemistry' is not defined                             no-undef
  247:40   warning  'Chemistry' is not defined                             no-undef
  248:13   warning  'Chemistry' is not defined                             no-undef
  248:42   warning  'Chemistry' is not defined                             no-undef
  249:13   warning  'Chemistry' is not defined                             no-undef
  249:51   warning  'Chemistry' is not defined                             no-undef
  250:13   warning  'Chemistry' is not defined                             no-undef
  250:50   warning  'Chemistry' is not defined                             no-undef
  251:13   warning  'Chemistry' is not defined                             no-undef
  251:65   warning  'Chemistry' is not defined                             no-undef
  252:13   warning  'Chemistry' is not defined                             no-undef
  252:51   warning  'Chemistry' is not defined                             no-undef
  253:13   warning  'Chemistry' is not defined                             no-undef
  253:49   warning  'Chemistry' is not defined                             no-undef
  254:13   warning  'Chemistry' is not defined                             no-undef
  254:49   warning  'Chemistry' is not defined                             no-undef
  259:12   warning  Unexpected constant condition                          no-constant-condition
  281:49   warning  'Chemistry' is not defined                             no-undef
  284:39   warning  'bootstrap' is not defined                             no-undef
  318:30   warning  'Chemistry' is not defined                             no-undef
  318:73   warning  'Chemistry' is not defined                             no-undef
  346:13   warning  'bsOffcanvas' is already defined                       no-redeclare
  346:31   warning  'bootstrap' is not defined                             no-undef
  348:30   warning  'Chemistry' is not defined                             no-undef
  348:118  warning  'Chemistry' is not defined                             no-undef
  391:24   warning  'activity3' is not defined                             no-undef

/home/runner/work/exp-shell-and-tube-heat-exchanger-iitb/exp-shell-and-tube-heat-exchanger-iitb/experiment/simulation/js/activity3.js
    5:5    warning  'green_circle' is assigned a value but never used    no-unused-vars
    7:5    warning  'dx' is defined but never used                       no-unused-vars
    8:5    warning  'dy' is defined but never used                       no-unused-vars
    9:5    warning  'a3_total_score' is assigned a value but never used  no-unused-vars
   98:10   warning  'activity3' is defined but never used                no-unused-vars
   99:5    warning  'pp' is not defined                                  no-undef
  100:5    warning  'pp' is not defined                                  no-undef
  101:5    warning  'pp' is not defined                                  no-undef
  102:5    warning  'pp' is not defined                                  no-undef
  103:5    warning  'canvas' is not defined                              no-undef
  103:14   warning  'pp' is not defined                                  no-undef
  104:5    warning  'context' is not defined                             no-undef
  104:15   warning  'canvas' is not defined                              no-undef
  105:5    warning  'canvas' is not defined                              no-undef
  106:5    warning  'rect' is not defined                                no-undef
  106:12   warning  'canvas' is not defined                              no-undef
  107:5    warning  'scene' is not defined                               no-undef
  107:17   warning  'Scene' is not defined                               no-undef
  108:5    warning  'pp' is not defined                                  no-undef
  109:20   warning  'Chemistry' is not defined                           no-undef
  109:44   warning  'seq0_img' is not defined                            no-undef
  109:58   warning  'Chemistry' is not defined                           no-undef
  109:95   warning  'canvas' is not defined                              no-undef
  110:5    warning  'scene' is not defined                               no-undef
  121:10   warning  'a3_first' is defined but never used                 no-unused-vars
  122:5    warning  'pp' is not defined                                  no-undef
  124:5    warning  'pp' is not defined                                  no-undef
  125:5    warning  'pp' is not defined                                  no-undef
  126:5    warning  'pp' is not defined                                  no-undef
  128:5    warning  'canvas' is not defined                              no-undef
  128:14   warning  'pp' is not defined                                  no-undef
  129:5    warning  'context' is not defined                             no-undef
  129:15   warning  'canvas' is not defined                              no-undef
  130:5    warning  'canvas' is not defined                              no-undef
  131:5    warning  'rect' is not defined                                no-undef
  131:12   warning  'canvas' is not defined                              no-undef
  134:5    warning  'pp' is not defined                                  no-undef
  136:5    warning  'scene' is not defined                               no-undef
  136:17   warning  'Scene' is not defined                               no-undef
  137:18   warning  'Scene' is not defined                               no-undef
  142:10   warning  'a3_second' is defined but never used                no-unused-vars
  145:5    warning  'pp' is not defined                                  no-undef
  151:5    warning  'canvas' is not defined                              no-undef
  152:5    warning  'canvas' is not defined                              no-undef
  153:5    warning  'canvas' is not defined                              no-undef
  154:5    warning  'canvas' is not defined                              no-undef
  161:5    warning  'create_labels' is not defined                       no-undef
  162:5    warning  'display_labels' is not defined                      no-undef
  167:5    warning  'canvas_box_scale' is not defined                    no-undef
  174:5    warning  'scene' is not defined                               no-undef
  177:9    warning  'scene' is not defined                               no-undef
  187:9    warning  'display_labels' is not defined                      no-undef
  191:5    warning  'canvas' is not defined                              no-undef
  192:5    warning  'canvas' is not defined                              no-undef
  192:23   warning  'canvas' is not defined                              no-undef
  193:5    warning  'lscale' is not defined                              no-undef
  193:14   warning  'canvas' is not defined                              no-undef
  195:9    warning  'canvas' is not defined                              no-undef
  199:5    warning  'context' is not defined                             no-undef
  199:26   warning  'canvas' is not defined                              no-undef
  200:5    warning  'context' is not defined                             no-undef
  204:41   warning  'rect' is not defined                                no-undef
  204:51   warning  'lscale' is not defined                              no-undef
  205:29   warning  'canvas' is not defined                              no-undef
  205:58   warning  'rect' is not defined                                no-undef
  205:69   warning  'lscale' is not defined                              no-undef
  213:37   warning  'rect' is not defined                                no-undef
  213:47   warning  'lscale' is not defined                              no-undef
  214:25   warning  'canvas' is not defined                              no-undef
  214:54   warning  'rect' is not defined                                no-undef
  214:65   warning  'lscale' is not defined                              no-undef
  218:19   warning  'e' is defined but never used                        no-unused-vars
  223:52   warning  'rect' is not defined                                no-undef
  223:62   warning  'lscale' is not defined                              no-undef
  224:29   warning  'canvas' is not defined                              no-undef
  224:69   warning  'rect' is not defined                                no-undef
  224:80   warning  'lscale' is not defined                              no-undef
  230:18   warning  'Chemistry' is not defined                           no-undef
  230:42   warning  'tank' is not defined                                no-undef
  230:52   warning  'Chemistry' is not defined                           no-undef
  230:89   warning  'canvas' is not defined                              no-undef
  233:5    warning  'scene' is not defined                               no-undef
  234:9    warning  'sq' is already defined                              no-redeclare
  234:18   warning  'Chemistry' is not defined                           no-undef
  234:42   warning  'pump' is not defined                                no-undef
  234:52   warning  'Chemistry' is not defined                           no-undef
  234:90   warning  'canvas' is not defined                              no-undef
  236:5    warning  'scene' is not defined                               no-undef
  237:9    warning  'sq' is already defined                              no-redeclare
  237:18   warning  'Chemistry' is not defined                           no-undef
  237:42   warning  'heat_exchanger' is not defined                      no-undef
  237:62   warning  'Chemistry' is not defined                           no-undef
  237:100  warning  'canvas' is not defined                              no-undef
  239:5    warning  'scene' is not defined                               no-undef
  240:9    warning  'sq' is already defined                              no-redeclare
  240:18   warning  'Chemistry' is not defined                           no-undef
  240:42   warning  'pipe_h_img' is not defined                          no-undef
  240:58   warning  'Chemistry' is not defined                           no-undef
  240:95   warning  'canvas' is not defined                              no-undef
  242:5    warning  'scene' is not defined                               no-undef
  243:9    warning  'sq' is already defined                              no-redeclare
  243:18   warning  'Chemistry' is not defined                           no-undef
  243:42   warning  'glass_sec' is not defined                           no-undef
  243:57   warning  'Chemistry' is not defined                           no-undef
  243:94   warning  'canvas' is not defined                              no-undef
  245:5    warning  'scene' is not defined                               no-undef
  246:9    warning  'sq' is already defined                              no-redeclare
  246:18   warning  'Chemistry' is not defined                           no-undef
  246:42   warning  'pipe_v_img' is not defined                          no-undef
  246:58   warning  'Chemistry' is not defined                           no-undef
  246:95   warning  'canvas' is not defined                              no-undef
  248:5    warning  'scene' is not defined                               no-undef
  249:9    warning  'sq' is already defined                              no-redeclare
  249:18   warning  'Chemistry' is not defined                           no-undef
  249:42   warning  'heater' is not defined                              no-undef
  249:54   warning  'Chemistry' is not defined                           no-undef
  249:91   warning  'canvas' is not defined                              no-undef
  251:5    warning  'scene' is not defined                               no-undef
  252:9    warning  'sq' is already defined                              no-redeclare
  252:18   warning  'Chemistry' is not defined                           no-undef
  252:42   warning  'temp_controller' is not defined                     no-undef
  252:63   warning  'Chemistry' is not defined                           no-undef
  252:101  warning  'canvas' is not defined                              no-undef
  254:5    warning  'scene' is not defined                               no-undef
  255:9    warning  'sq' is already defined                              no-redeclare
  255:18   warning  'Chemistry' is not defined                           no-undef
  255:42   warning  'temp_indi_blue' is not defined                      no-undef
  255:62   warning  'Chemistry' is not defined                           no-undef
  255:98   warning  'canvas' is not defined                              no-undef
  257:5    warning  'scene' is not defined                               no-undef
  258:9    warning  'sq' is already defined                              no-redeclare
  258:18   warning  'Chemistry' is not defined                           no-undef
  258:42   warning  'temp_indi_blue' is not defined                      no-undef
  258:62   warning  'Chemistry' is not defined                           no-undef
  258:98   warning  'canvas' is not defined                              no-undef
  260:5    warning  'scene' is not defined                               no-undef
  261:9    warning  'sq' is already defined                              no-redeclare
  261:18   warning  'Chemistry' is not defined                           no-undef
  261:42   warning  'temp_indi_purple' is not defined                    no-undef
  261:64   warning  'Chemistry' is not defined                           no-undef
  261:101  warning  'canvas' is not defined                              no-undef
  263:5    warning  'scene' is not defined                               no-undef
  264:9    warning  'sq' is already defined                              no-redeclare
  264:18   warning  'Chemistry' is not defined                           no-undef
  264:42   warning  'temp_indi_purple' is not defined                    no-undef
  264:64   warning  'Chemistry' is not defined                           no-undef
  264:101  warning  'canvas' is not defined                              no-undef
  266:5    warning  'scene' is not defined                               no-undef
  268:5    warning  'repeat' is assigned a value but never used          no-unused-vars
  270:25   warning  'scene' is not defined                               no-undef
  271:13   warning  'scene' is not defined                               no-undef
  271:49   warning  'Chemistry' is not defined                           no-undef
  272:13   warning  'scene' is not defined                               no-undef
  273:13   warning  'scene' is not defined                               no-undef
  273:47   warning  'Chemistry' is not defined                           no-undef
  277:36   warning  'Chemistry' is not defined                           no-undef
  277:68   warning  'Chemistry' is not defined                           no-undef
  277:127  warning  'canvas' is not defined                              no-undef
  278:34   warning  'Chemistry' is not defined                           no-undef
  278:66   warning  'Chemistry' is not defined                           no-undef
  278:117  warning  'canvas' is not defined                              no-undef
  285:36   warning  'Chemistry' is not defined                           no-undef
  285:68   warning  'Chemistry' is not defined                           no-undef
  285:119  warning  'canvas' is not defined                              no-undef
  286:34   warning  'Chemistry' is not defined                           no-undef
  286:66   warning  'Chemistry' is not defined                           no-undef
  286:109  warning  'canvas' is not defined                              no-undef
  292:23   warning  'scene' is not defined                               no-undef
  293:13   warning  'scene' is not defined                               no-undef
  297:13   warning  'display_labels' is not defined                      no-undef
  316:50   warning  'Chemistry' is not defined                           no-undef
  326:17   warning  'global_score' is not defined                        no-undef
  341:13   warning  'show_right_pannel' is not defined                   no-undef
  347:18   warning  'Chemistry' is not defined                           no-undef
  348:19   warning  'Chemistry' is not defined                           no-undef
  351:18   warning  'Chemistry' is not defined                           no-undef
  352:19   warning  'Chemistry' is not defined                           no-undef
  355:18   warning  'Chemistry' is not defined                           no-undef
  356:19   warning  'Chemistry' is not defined                           no-undef
  359:18   warning  'Chemistry' is not defined                           no-undef
  360:19   warning  'Chemistry' is not defined                           no-undef
  363:18   warning  'Chemistry' is not defined                           no-undef
  364:19   warning  'Chemistry' is not defined                           no-undef
  367:18   warning  'Chemistry' is not defined                           no-undef
  368:19   warning  'Chemistry' is not defined                           no-undef
  371:18   warning  'Chemistry' is not defined                           no-undef
  372:19   warning  'Chemistry' is not defined                           no-undef
  375:18   warning  'Chemistry' is not defined                           no-undef
  376:19   warning  'Chemistry' is not defined                           no-undef
  379:18   warning  'Chemistry' is not defined                           no-undef
  380:19   warning  'Chemistry' is not defined                           no-undef
  383:19   warning  'Chemistry' is not defined                           no-undef
  384:20   warning  'Chemistry' is not defined                           no-undef
  387:19   warning  'Chemistry' is not defined                           no-undef
  388:20   warning  'Chemistry' is not defined                           no-undef
  398:9    warning  'pp' is not defined                                  no-undef
  402:25   warning  'scene' is not defined                               no-undef
  403:13   warning  'scene' is not defined                               no-undef
  404:13   warning  'scene' is not defined                               no-undef
  404:42   warning  'tank_heater' is not defined                         no-undef
  405:13   warning  'scene' is not defined                               no-undef
  406:13   warning  'scene' is not defined                               no-undef
  407:13   warning  'scene' is not defined                               no-undef
  411:25   warning  'scene' is not defined                               no-undef
  412:13   warning  'scene' is not defined                               no-undef
  413:13   warning  'scene' is not defined                               no-undef
  419:5    warning  'context' is not defined                             no-undef
  420:5    warning  'context' is not defined                             no-undef
  420:20   warning  'canvas' is not defined                              no-undef
  421:5    warning  'context' is not defined                             no-undef
  421:20   warning  'canvas' is not defined                              no-undef
  421:41   warning  'canvas' is not defined                              no-undef
  422:5    warning  'context' is not defined                             no-undef
  423:5    warning  'context' is not defined                             no-undef
  458:5    warning  'pp' is not defined                                  no-undef
  459:5    warning  'pp' is not defined                                  no-undef
  462:5    warning  'canvas' is not defined                              no-undef
  463:5    warning  'canvas' is not defined                              no-undef
  464:5    warning  'canvas' is not defined                              no-undef
  465:5    warning  'canvas' is not defined                              no-undef
  471:5    warning  'pp' is not defined                                  no-undef
  472:5    warning  'pp' is not defined                                  no-undef
  475:5    warning  'pp' is not defined                                  no-undef
  476:5    warning  'show_right_pannel' is not defined                   no-undef

/home/runner/work/exp-shell-and-tube-heat-exchanger-iitb/exp-shell-and-tube-heat-exchanger-iitb/experiment/simulation/js/activity4.js
  35:10  warning  'activity4' is defined but never used  no-unused-vars
  36:5   warning  'pp' is not defined                    no-undef
  37:5   warning  'pp' is not defined                    no-undef
  38:5   warning  'pp' is not defined                    no-undef
  39:5   warning  'pp' is not defined                    no-undef
  42:5   warning  'pp' is not defined                    no-undef
  44:5   warning  'pp' is not defined                    no-undef
  45:5   warning  'pp' is not defined                    no-undef

/home/runner/work/exp-shell-and-tube-heat-exchanger-iitb/exp-shell-and-tube-heat-exchanger-iitb/experiment/simulation/js/activity6.js
   13:5    warning  'ob_data' is assigned a value but never used        no-unused-vars
   27:10   warning  'activity6' is defined but never used               no-unused-vars
   28:5    warning  'pp' is not defined                                 no-undef
   29:5    warning  'pp' is not defined                                 no-undef
   30:5    warning  'pp' is not defined                                 no-undef
   33:5    warning  'pp' is not defined                                 no-undef
   34:5    warning  'pp' is not defined                                 no-undef
   35:5    warning  'canvas' is not defined                             no-undef
   36:5    warning  'pp' is not defined                                 no-undef
   37:5    warning  'canvas' is not defined                             no-undef
   38:5    warning  'context' is not defined                            no-undef
   38:15   warning  'canvas' is not defined                             no-undef
   39:5    warning  'rect' is not defined                               no-undef
   39:12   warning  'canvas' is not defined                             no-undef
   40:5    warning  'green_circle' is not defined                       no-undef
   45:30   warning  'Chemistry' is not defined                          no-undef
   45:66   warning  'Chemistry' is not defined                          no-undef
   45:93   warning  'canvas' is not defined                             no-undef
   47:18   warning  'Chemistry' is not defined                          no-undef
   47:42   warning  'blue_valve' is not defined                         no-undef
   47:58   warning  'Chemistry' is not defined                          no-undef
   47:93   warning  'canvas' is not defined                             no-undef
   49:18   warning  'Chemistry' is not defined                          no-undef
   49:42   warning  'blue_valve' is not defined                         no-undef
   49:58   warning  'Chemistry' is not defined                          no-undef
   49:93   warning  'canvas' is not defined                             no-undef
   52:20   warning  'Chemistry' is not defined                          no-undef
   52:46   warning  'canvas' is not defined                             no-undef
   54:5    warning  'canvas' is not defined                             no-undef
   55:5    warning  'scene' is not defined                              no-undef
   55:17   warning  'Scene' is not defined                              no-undef
   60:25   warning  'Chemistry' is not defined                          no-undef
   60:49   warning  'seq0_img' is not defined                           no-undef
   60:63   warning  'Chemistry' is not defined                          no-undef
   60:100  warning  'canvas' is not defined                             no-undef
   64:5    warning  'scene' is not defined                              no-undef
   65:5    warning  'scene' is not defined                              no-undef
   67:5    warning  'show_right_pannel' is not defined                  no-undef
   70:10   warning  'draw_pump_con' is defined but never used           no-unused-vars
   74:5    warning  'canvas_box_scale' is not defined                   no-undef
   80:5    warning  'scene' is not defined                              no-undef
   85:32   warning  'rect' is not defined                               no-undef
   85:47   warning  'lscale' is not defined                             no-undef
   86:30   warning  'rect' is not defined                               no-undef
   86:39   warning  'canvas' is not defined                             no-undef
   86:61   warning  'lscale' is not defined                             no-undef
   87:34   warning  'canvas' is not defined                             no-undef
   94:5    warning  'canvas' is not defined                             no-undef
   95:5    warning  'canvas' is not defined                             no-undef
   95:23   warning  'canvas' is not defined                             no-undef
   96:5    warning  'lscale' is not defined                             no-undef
   96:14   warning  'canvas' is not defined                             no-undef
   98:9    warning  'canvas' is not defined                             no-undef
  102:5    warning  'context' is not defined                            no-undef
  102:26   warning  'canvas' is not defined                             no-undef
  103:5    warning  'context' is not defined                            no-undef
  106:5    warning  'scene' is not defined                              no-undef
  113:9    warning  'pp' is not defined                                 no-undef
  121:29   warning  'purple_valve' is not defined                       no-undef
  127:14   warning  Unexpected constant condition                       no-constant-condition
  129:36   warning  'seq1_img' is not defined                           no-undef
  132:13   warning  'canvas' is not defined                             no-undef
  139:13   warning  'pp' is not defined                                 no-undef
  140:13   warning  'show_right_pannel' is not defined                  no-undef
  147:14   warning  Unexpected constant condition                       no-constant-condition
  149:36   warning  'seq2_img' is not defined                           no-undef
  157:34   warning  'Chemistry' is not defined                          no-undef
  157:61   warning  'seq3_img' is not defined                           no-undef
  157:75   warning  'Chemistry' is not defined                          no-undef
  157:112  warning  'canvas' is not defined                             no-undef
  173:14   warning  Unexpected constant condition                       no-constant-condition
  175:36   warning  'seq3_img' is not defined                           no-undef
  183:35   warning  'Chemistry' is not defined                          no-undef
  183:67   warning  'seq4_img' is not defined                           no-undef
  183:81   warning  'Chemistry' is not defined                          no-undef
  183:118  warning  'canvas' is not defined                             no-undef
  198:14   warning  Unexpected constant condition                       no-constant-condition
  200:36   warning  'seq4_img' is not defined                           no-undef
  204:13   warning  'canvas' is not defined                             no-undef
  212:13   warning  'pp' is not defined                                 no-undef
  214:13   warning  'show_right_pannel' is not defined                  no-undef
  228:9    warning  'canvas' is not defined                             no-undef
  231:32   warning  'seq10_img' is not defined                          no-undef
  232:9    warning  'pp' is not defined                                 no-undef
  233:9    warning  'show_right_pannel' is not defined                  no-undef
  249:14   warning  Unexpected constant condition                       no-constant-condition
  251:36   warning  'seq4_img' is not defined                           no-undef
  256:13   warning  'pp' is not defined                                 no-undef
  257:13   warning  'show_right_pannel' is not defined                  no-undef
  263:17   warning  'pp' is not defined                                 no-undef
  272:33   warning  'shell_table' is not defined                        no-undef
  273:21   warning  'shell_table' is not defined                        no-undef
  274:24   warning  'shell_table' is not defined                        no-undef
  283:37   warning  'rect' is not defined                               no-undef
  283:47   warning  'lscale' is not defined                             no-undef
  284:25   warning  'canvas' is not defined                             no-undef
  284:54   warning  'rect' is not defined                               no-undef
  284:65   warning  'lscale' is not defined                             no-undef
  290:37   warning  'rect' is not defined                               no-undef
  290:47   warning  'lscale' is not defined                             no-undef
  291:25   warning  'canvas' is not defined                             no-undef
  291:54   warning  'rect' is not defined                               no-undef
  291:65   warning  'lscale' is not defined                             no-undef
  298:13   warning  'canvas' is not defined                             no-undef
  301:13   warning  'pp' is not defined                                 no-undef
  305:33   warning  'purple_valve' is not defined                       no-undef
  314:13   warning  'show_right_pannel' is not defined                  no-undef
  321:5    warning  'canvas' is not defined                             no-undef
  323:5    warning  'canvas' is not defined                             no-undef
  327:5    warning  'pp' is not defined                                 no-undef
  328:5    warning  'show_right_pannel' is not defined                  no-undef
  329:37   warning  'rect' is not defined                               no-undef
  329:47   warning  'lscale' is not defined                             no-undef
  330:25   warning  'canvas' is not defined                             no-undef
  330:54   warning  'rect' is not defined                               no-undef
  330:65   warning  'lscale' is not defined                             no-undef
  336:13   warning  'canvas' is not defined                             no-undef
  339:34   warning  'Chemistry' is not defined                          no-undef
  339:55   warning  'seq2_img' is not defined                           no-undef
  339:69   warning  'Chemistry' is not defined                          no-undef
  339:106  warning  'canvas' is not defined                             no-undef
  355:37   warning  'rect' is not defined                               no-undef
  355:47   warning  'lscale' is not defined                             no-undef
  356:25   warning  'canvas' is not defined                             no-undef
  356:54   warning  'rect' is not defined                               no-undef
  356:65   warning  'lscale' is not defined                             no-undef
  361:13   warning  'canvas' is not defined                             no-undef
  362:13   warning  'canvas' is not defined                             no-undef
  364:13   warning  'canvas' is not defined                             no-undef
  370:34   warning  'Chemistry' is not defined                          no-undef
  370:55   warning  'seq5_img' is not defined                           no-undef
  370:69   warning  'Chemistry' is not defined                          no-undef
  370:107  warning  'canvas' is not defined                             no-undef
  383:13   warning  'pp' is not defined                                 no-undef
  384:13   warning  'show_right_pannel' is not defined                  no-undef
  390:37   warning  'rect' is not defined                               no-undef
  390:47   warning  'lscale' is not defined                             no-undef
  391:25   warning  'canvas' is not defined                             no-undef
  391:54   warning  'rect' is not defined                               no-undef
  391:65   warning  'lscale' is not defined                             no-undef
  412:34   warning  'Chemistry' is not defined                          no-undef
  412:84   warning  'Chemistry' is not defined                          no-undef
  412:111  warning  'canvas' is not defined                             no-undef
  413:13   warning  'selected_temp' is not defined                      no-undef
  420:13   warning  'pp' is not defined                                 no-undef
  422:17   warning  'show_right_pannel' is not defined                  no-undef
  430:37   warning  'rect' is not defined                               no-undef
  430:47   warning  'lscale' is not defined                             no-undef
  431:25   warning  'canvas' is not defined                             no-undef
  431:54   warning  'rect' is not defined                               no-undef
  431:65   warning  'lscale' is not defined                             no-undef
  451:34   warning  'Chemistry' is not defined                          no-undef
  451:84   warning  'Chemistry' is not defined                          no-undef
  451:111  warning  'canvas' is not defined                             no-undef
  452:13   warning  'selected_temp' is not defined                      no-undef
  467:9    warning  'pp' is not defined                                 no-undef
  473:37   warning  'rect' is not defined                               no-undef
  473:47   warning  'lscale' is not defined                             no-undef
  474:25   warning  'canvas' is not defined                             no-undef
  474:54   warning  'rect' is not defined                               no-undef
  474:65   warning  'lscale' is not defined                             no-undef
  482:17   warning  'pp' is not defined                                 no-undef
  484:17   warning  'pp' is not defined                                 no-undef
  485:17   warning  'show_right_pannel' is not defined                  no-undef
  495:17   warning  'canvas' is not defined                             no-undef
  496:17   warning  'canvas' is not defined                             no-undef
  497:17   warning  'canvas' is not defined                             no-undef
  498:40   warning  'seq6_img' is not defined                           no-undef
  501:38   warning  'Chemistry' is not defined                          no-undef
  501:81   warning  'Chemistry' is not defined                          no-undef
  501:108  warning  'canvas' is not defined                             no-undef
  508:36   warning  'Chemistry' is not defined                          no-undef
  508:79   warning  'Chemistry' is not defined                          no-undef
  508:106  warning  'canvas' is not defined                             no-undef
  513:36   warning  'Chemistry' is not defined                          no-undef
  513:79   warning  'Chemistry' is not defined                          no-undef
  513:106  warning  'canvas' is not defined                             no-undef
  518:36   warning  'Chemistry' is not defined                          no-undef
  518:79   warning  'Chemistry' is not defined                          no-undef
  518:106  warning  'canvas' is not defined                             no-undef
  523:36   warning  'Chemistry' is not defined                          no-undef
  523:79   warning  'Chemistry' is not defined                          no-undef
  523:106  warning  'canvas' is not defined                             no-undef
  528:17   warning  Move function declaration to function body root     no-inner-declarations
  542:48   warning  'seq7_img' is not defined                           no-undef
  548:25   warning  'pp' is not defined                                 no-undef
  549:25   warning  'canvas' is not defined                             no-undef
  550:25   warning  'show_right_pannel' is not defined                  no-undef
  554:17   warning  Move function declaration to function body root     no-inner-declarations
  563:48   warning  'seq8_img' is not defined                           no-undef
  571:25   warning  'pp' is not defined                                 no-undef
  572:25   warning  'show_right_pannel' is not defined                  no-undef
  573:25   warning  'canvas' is not defined                             no-undef
  582:37   warning  'rect' is not defined                               no-undef
  582:47   warning  'lscale' is not defined                             no-undef
  583:25   warning  'canvas' is not defined                             no-undef
  583:54   warning  'rect' is not defined                               no-undef
  583:65   warning  'lscale' is not defined                             no-undef
  591:13   warning  'canvas' is not defined                             no-undef
  596:37   warning  'rect' is not defined                               no-undef
  596:47   warning  'lscale' is not defined                             no-undef
  597:25   warning  'canvas' is not defined                             no-undef
  597:54   warning  'rect' is not defined                               no-undef
  597:65   warning  'lscale' is not defined                             no-undef
  606:13   warning  'canvas' is not defined                             no-undef
  607:36   warning  'seq5_img' is not defined                           no-undef
  609:13   warning  'canvas' is not defined                             no-undef
  616:13   warning  'pp' is not defined                                 no-undef
  617:13   warning  'show_right_pannel' is not defined                  no-undef
  622:37   warning  'rect' is not defined                               no-undef
  622:47   warning  'lscale' is not defined                             no-undef
  623:25   warning  'canvas' is not defined                             no-undef
  623:54   warning  'rect' is not defined                               no-undef
  623:65   warning  'lscale' is not defined                             no-undef
  628:13   warning  'canvas' is not defined                             no-undef
  631:36   warning  'seq9_img' is not defined                           no-undef
  632:29   warning  'Chemistry' is not defined                          no-undef
  632:50   warning  'seq10_img' is not defined                          no-undef
  632:65   warning  'Chemistry' is not defined                          no-undef
  632:102  warning  'canvas' is not defined                             no-undef
  641:33   warning  'blue_valve' is not defined                         no-undef
  650:37   warning  'rect' is not defined                               no-undef
  650:47   warning  'lscale' is not defined                             no-undef
  651:25   warning  'canvas' is not defined                             no-undef
  651:54   warning  'rect' is not defined                               no-undef
  651:65   warning  'lscale' is not defined                             no-undef
  656:13   warning  'canvas' is not defined                             no-undef
  657:35   warning  'Chemistry' is not defined                          no-undef
  657:67   warning  'seq4_img' is not defined                           no-undef
  657:81   warning  'Chemistry' is not defined                          no-undef
  657:118  warning  'canvas' is not defined                             no-undef
  658:33   warning  'purple_valve' is not defined                       no-undef
  691:14   warning  'shell_table' is not defined                        no-undef
  698:14   warning  'shell_table' is not defined                        no-undef
  702:15   warning  'shell_table' is not defined                        no-undef
  714:34   warning  'Chemistry' is not defined                          no-undef
  714:55   warning  'seq1_img' is not defined                           no-undef
  714:69   warning  'Chemistry' is not defined                          no-undef
  714:106  warning  'canvas' is not defined                             no-undef
  723:13   warning  'canvas' is not defined                             no-undef
  755:25   warning  'shell_table' is not defined                        no-undef
  756:13   warning  'shell_table' is not defined                        no-undef
  758:27   warning  'shell_table' is not defined                        no-undef
  758:58   warning  'shell_table' is not defined                        no-undef
  759:27   warning  'shell_table' is not defined                        no-undef
  759:58   warning  'shell_table' is not defined                        no-undef
  760:18   warning  'shell_table' is not defined                        no-undef
  761:18   warning  'shell_table' is not defined                        no-undef
  766:10   warning  'load_observation_table' is defined but never used  no-unused-vars
  767:5    warning  'pp' is not defined                                 no-undef
  768:5    warning  'pp' is not defined                                 no-undef
  769:5    warning  'pp' is not defined                                 no-undef
  770:5    warning  'pp' is not defined                                 no-undef
  771:5    warning  'pp' is not defined                                 no-undef
  772:5    warning  'show_right_pannel' is not defined                  no-undef
  791:19   warning  'shell_table' is not defined                        no-undef
  812:5    warning  'pp' is not defined                                 no-undef
  815:5    warning  'pp' is not defined                                 no-undef
  816:5    warning  'pp' is not defined                                 no-undef
  817:5    warning  'pp' is not defined                                 no-undef
  835:5    warning  'pp' is not defined                                 no-undef
  836:5    warning  'pp' is not defined                                 no-undef
  837:5    warning  'pp' is not defined                                 no-undef
  838:5    warning  'show_right_pannel' is not defined                  no-undef
  842:17   warning  'shell_table' is not defined                        no-undef
  843:25   warning  'shell_table' is not defined                        no-undef
  847:13   warning  'shell_table' is not defined                        no-undef
  848:13   warning  'shell_table' is not defined                        no-undef
  849:13   warning  'shell_table' is not defined                        no-undef
  850:13   warning  'shell_table' is not defined                        no-undef
  851:13   warning  'shell_table' is not defined                        no-undef
  856:10   warning  'verify_ob_table' is defined but never used         no-unused-vars
  858:17   warning  'shell_table' is not defined                        no-undef
  859:17   warning  'shell_table' is not defined                        no-undef
  860:17   warning  'shell_table' is not defined                        no-undef
  861:17   warning  'shell_table' is not defined                        no-undef
  866:10   warning  'verify_values' is not defined                      no-undef
  866:48   warning  'shell_table' is not defined                        no-undef
  870:10   warning  'verify_values' is not defined                      no-undef
  870:48   warning  'shell_table' is not defined                        no-undef
  874:10   warning  'verify_values' is not defined                      no-undef
  874:48   warning  'shell_table' is not defined                        no-undef
  878:10   warning  'verify_values' is not defined                      no-undef
  878:48   warning  'shell_table' is not defined                        no-undef

/home/runner/work/exp-shell-and-tube-heat-exchanger-iitb/exp-shell-and-tube-heat-exchanger-iitb/experiment/simulation/js/activity7.js
    5:10  warning  'activity7' is defined but never used       no-unused-vars
    6:5   warning  'pp' is not defined                         no-undef
    7:5   warning  'pp' is not defined                         no-undef
    8:5   warning  'pp' is not defined                         no-undef
    9:5   warning  'pp' is not defined                         no-undef
   10:5   warning  'pp' is not defined                         no-undef
   13:5   warning  'pp' is not defined                         no-undef
   33:5   warning  'pp' is not defined                         no-undef
   36:5   warning  'pp' is not defined                         no-undef
   59:5   warning  'pp' is not defined                         no-undef
   61:5   warning  'MathJax' is not defined                    no-undef
   62:5   warning  'show_right_pannel' is not defined          no-undef
   98:20  warning  'shell_table' is not defined                no-undef
   99:20  warning  'shell_table' is not defined                no-undef
  100:20  warning  'shell_table' is not defined                no-undef
  112:20  warning  'shell_table' is not defined                no-undef
  123:21  warning  'Double_Table' is not defined               no-undef
  124:5   warning  'pp' is not defined                         no-undef
  128:5   warning  'pp' is not defined                         no-undef
  129:5   warning  'pp' is not defined                         no-undef
  130:5   warning  'pp' is not defined                         no-undef
  131:5   warning  'pp' is not defined                         no-undef
  159:25  warning  'shell_table' is not defined                no-undef
  164:24  warning  'shell_table' is not defined                no-undef
  165:24  warning  'shell_table' is not defined                no-undef
  166:24  warning  'shell_table' is not defined                no-undef
  167:24  warning  'shell_table' is not defined                no-undef
  168:24  warning  'shell_table' is not defined                no-undef
  169:24  warning  'shell_table' is not defined                no-undef
  170:24  warning  'shell_table' is not defined                no-undef
  171:24  warning  'shell_table' is not defined                no-undef
  172:24  warning  'shell_table' is not defined                no-undef
  173:24  warning  'shell_table' is not defined                no-undef
  174:24  warning  'shell_table' is not defined                no-undef
  177:24  warning  'shell_table' is not defined                no-undef
  178:24  warning  'shell_table' is not defined                no-undef
  179:24  warning  'shell_table' is not defined                no-undef
  180:24  warning  'shell_table' is not defined                no-undef
  181:24  warning  'shell_table' is not defined                no-undef
  182:24  warning  'shell_table' is not defined                no-undef
  183:24  warning  'shell_table' is not defined                no-undef
  184:24  warning  'shell_table' is not defined                no-undef
  185:24  warning  'shell_table' is not defined                no-undef
  186:24  warning  'shell_table' is not defined                no-undef
  188:21  warning  'Double_Table' is not defined               no-undef
  189:5   warning  'pp' is not defined                         no-undef
  191:5   warning  'pp' is not defined                         no-undef
  194:10  warning  'verify_table_1' is defined but never used  no-unused-vars
  196:21  warning  'shell_table' is not defined                no-undef
  197:26  warning  'shell_table' is not defined                no-undef
  207:10  warning  'verify_values' is not defined              no-undef
  207:48  warning  'shell_table' is not defined                no-undef
  211:10  warning  'verify_values' is not defined              no-undef
  211:48  warning  'shell_table' is not defined                no-undef
  215:10  warning  'verify_values' is not defined              no-undef
  215:48  warning  'shell_table' is not defined                no-undef
  219:10  warning  'verify_values' is not defined              no-undef
  219:48  warning  'shell_table' is not defined                no-undef
  223:10  warning  'verify_values' is not defined              no-undef
  223:48  warning  'shell_table' is not defined                no-undef
  227:10  warning  'verify_values' is not defined              no-undef
  227:48  warning  'shell_table' is not defined                no-undef
  231:10  warning  'verify_values' is not defined              no-undef
  231:48  warning  'shell_table' is not defined                no-undef
  235:10  warning  'verify_values' is not defined              no-undef
  235:48  warning  'shell_table' is not defined                no-undef
  259:10  warning  'verify_table_2' is defined but never used  no-unused-vars
  261:21  warning  'shell_table' is not defined                no-undef
  262:26  warning  'shell_table' is not defined                no-undef
  273:10  warning  'verify_values' is not defined              no-undef
  273:48  warning  'shell_table' is not defined                no-undef
  277:10  warning  'verify_values' is not defined              no-undef
  277:48  warning  'shell_table' is not defined                no-undef
  281:10  warning  'verify_values' is not defined              no-undef
  281:48  warning  'shell_table' is not defined                no-undef
  285:10  warning  'verify_values' is not defined              no-undef
  285:48  warning  'shell_table' is not defined                no-undef
  289:10  warning  'verify_values' is not defined              no-undef
  289:48  warning  'shell_table' is not defined                no-undef
  293:10  warning  'verify_values' is not defined              no-undef
  293:48  warning  'shell_table' is not defined                no-undef
  297:10  warning  'verify_values' is not defined              no-undef
  297:48  warning  'shell_table' is not defined                no-undef
  301:10  warning  'verify_values' is not defined              no-undef
  301:48  warning  'shell_table' is not defined                no-undef
  305:10  warning  'verify_values' is not defined              no-undef
  305:48  warning  'shell_table' is not defined                no-undef

/home/runner/work/exp-shell-and-tube-heat-exchanger-iitb/exp-shell-and-tube-heat-exchanger-iitb/experiment/simulation/js/activity8.js
   6:10  warning  'activity8' is defined but never used  no-unused-vars
   7:5   warning  'pp' is not defined                    no-undef
   8:5   warning  'pp' is not defined                    no-undef
   9:5   warning  'pp' is not defined                    no-undef
  12:5   warning  'pp' is not defined                    no-undef
  13:5   warning  'MathJax' is not defined               no-undef
  14:5   warning  'pp' is not defined                    no-undef
  18:5   warning  'pp' is not defined                    no-undef
  19:5   warning  'pp' is not defined                    no-undef
  23:25  warning  'shell_table' is not defined           no-undef
  24:31  warning  'shell_table' is not defined           no-undef
  25:32  warning  'shell_table' is not defined           no-undef
  40:21  warning  'Chart' is not defined                 no-undef
  93:11  warning  'regression_linear' is not defined     no-undef

/home/runner/work/exp-shell-and-tube-heat-exchanger-iitb/exp-shell-and-tube-heat-exchanger-iitb/experiment/simulation/js/activity9.js
   1:10  warning  'activity9' is defined but never used  no-unused-vars
   2:5   warning  'pp' is not defined                    no-undef
   3:5   warning  'pp' is not defined                    no-undef
   4:5   warning  'pp' is not defined                    no-undef
   5:5   warning  'label8' is not defined                no-undef
   6:5   warning  'data1' is not defined                 no-undef
   7:5   warning  'data2' is not defined                 no-undef
   8:17  warning  'label8' is not defined                no-undef
   8:25  warning  'data1' is not defined                 no-undef
   8:32  warning  'data2' is not defined                 no-undef
  11:5   warning  'pp' is not defined                    no-undef
  12:5   warning  'MathJax' is not defined               no-undef
  20:5   warning  'pp' is not defined                    no-undef
  21:5   warning  'pp' is not defined                    no-undef
  25:25  warning  'shell_table' is not defined           no-undef
  26:9   warning  'data2' is not defined                 no-undef
  26:31  warning  'shell_table' is not defined           no-undef
  27:9   warning  'label8' is not defined                no-undef
  27:32  warning  'shell_table' is not defined           no-undef
  42:21  warning  'Chart' is not defined                 no-undef
  45:21  warning  'label8' is not defined                no-undef
  49:27  warning  'data2' is not defined                 no-undef
  57:27  warning  'data1' is not defined                 no-undef
  95:5   warning  'pol' is not defined                   no-undef
  95:11  warning  'regression_linear' is not defined     no-undef
  95:29  warning  'label8' is not defined                no-undef
  95:37  warning  'data2' is not defined                 no-undef
  96:17  warning  'pol' is not defined                   no-undef
  97:25  warning  'label8' is not defined                no-undef
  98:9   warning  'data1' is not defined                 no-undef
  98:20  warning  'label8' is not defined                no-undef
  98:32  warning  'pol' is not defined                   no-undef
  98:41  warning  'pol' is not defined                   no-undef

/home/runner/work/exp-shell-and-tube-heat-exchanger-iitb/exp-shell-and-tube-heat-exchanger-iitb/experiment/simulation/js/common.js
    1:5    warning  'selected_temp' is assigned a value but never used        no-unused-vars
    2:10   warning  'verify_values' is defined but never used                 no-unused-vars
   18:10   warning  'std_deviation' is defined but never used                 no-unused-vars
   23:10   warning  'regression_linear' is defined but never used             no-unused-vars
   42:10   warning  'create_labels' is defined but never used                 no-unused-vars
   44:20   warning  'Chemistry' is not defined                                no-undef
   44:47   warning  'Chemistry' is not defined                                no-undef
   44:74   warning  'canvas' is not defined                                   no-undef
   48:21   warning  'Chemistry' is not defined                                no-undef
   48:73   warning  'Chemistry' is not defined                                no-undef
   48:100  warning  'canvas' is not defined                                   no-undef
   52:21   warning  'Chemistry' is not defined                                no-undef
   52:59   warning  'Chemistry' is not defined                                no-undef
   52:87   warning  'canvas' is not defined                                   no-undef
   56:21   warning  'Chemistry' is not defined                                no-undef
   56:57   warning  'Chemistry' is not defined                                no-undef
   56:85   warning  'canvas' is not defined                                   no-undef
   60:21   warning  'Chemistry' is not defined                                no-undef
   60:57   warning  'Chemistry' is not defined                                no-undef
   60:85   warning  'canvas' is not defined                                   no-undef
   64:21   warning  'Chemistry' is not defined                                no-undef
   64:50   warning  'Chemistry' is not defined                                no-undef
   64:78   warning  'canvas' is not defined                                   no-undef
   68:21   warning  'Chemistry' is not defined                                no-undef
   68:66   warning  'Chemistry' is not defined                                no-undef
   68:94   warning  'canvas' is not defined                                   no-undef
   72:21   warning  'Chemistry' is not defined                                no-undef
   72:56   warning  'Chemistry' is not defined                                no-undef
   72:84   warning  'canvas' is not defined                                   no-undef
   76:22   warning  'Chemistry' is not defined                                no-undef
   76:58   warning  'Chemistry' is not defined                                no-undef
   76:86   warning  'canvas' is not defined                                   no-undef
   80:21   warning  'Chemistry' is not defined                                no-undef
   80:55   warning  'Chemistry' is not defined                                no-undef
   80:83   warning  'canvas' is not defined                                   no-undef
   84:21   warning  'Chemistry' is not defined                                no-undef
   84:56   warning  'Chemistry' is not defined                                no-undef
   84:83   warning  'canvas' is not defined                                   no-undef
   90:10   warning  'display_labels' is defined but never used                no-unused-vars
   95:10   warning  'show_right_pannel' is defined but never used             no-unused-vars
   96:27   warning  'bootstrap' is not defined                                no-undef
  100:5    warning  'selected_data_index' is assigned a value but never used  no-unused-vars

/home/runner/work/exp-shell-and-tube-heat-exchanger-iitb/exp-shell-and-tube-heat-exchanger-iitb/experiment/simulation/js/data.js
    1:5   warning  'table_1' is assigned a value but never used              no-unused-vars
    7:5   warning  'main_table_data' is assigned a value but never used      no-unused-vars
    8:5   warning  'table_3' is assigned a value but never used              no-unused-vars
   14:5   warning  'readings' is assigned a value but never used             no-unused-vars
   43:5   warning  'd_set' is assigned a value but never used                no-unused-vars
   44:5   warning  'length_set' is assigned a value but never used           no-unused-vars
   45:5   warning  'metal_set' is assigned a value but never used            no-unused-vars
   55:5   warning  'diameter' is defined but never used                      no-unused-vars
   56:5   warning  'ht_length' is defined but never used                     no-unused-vars
   57:5   warning  'metal' is defined but never used                         no-unused-vars
   58:5   warning  'cs_area' is defined but never used                       no-unused-vars
   59:5   warning  'density' is assigned a value but never used              no-unused-vars
   76:5   warning  'de' is assigned a value but never used                   no-unused-vars
   79:5   warning  'shell_flow_velocity' is assigned a value but never used  no-unused-vars
  125:39  warning  'std_deviation' is not defined                            no-undef
  126:40  warning  'std_deviation' is not defined                            no-undef
  127:40  warning  'std_deviation' is not defined                            no-undef

/home/runner/work/exp-shell-and-tube-heat-exchanger-iitb/exp-shell-and-tube-heat-exchanger-iitb/experiment/simulation/js/dummy.js
  2:14  warning  'Pannel' is not defined  no-undef

/home/runner/work/exp-shell-and-tube-heat-exchanger-iitb/exp-shell-and-tube-heat-exchanger-iitb/experiment/simulation/js/geomerty.js
   33:49   warning  'lscale' is not defined          no-undef
   34:49   warning  'lscale' is not defined          no-undef
   46:23   warning  'pt1' is defined but never used  no-unused-vars
   46:28   warning  'pt2' is defined but never used  no-unused-vars
   46:33   warning  'pt3' is defined but never used  no-unused-vars
   50:24   warning  'geo' is defined but never used  no-unused-vars
   69:44   warning  'lscale' is not defined          no-undef
   69:66   warning  'lscale' is not defined          no-undef
   69:88   warning  'lscale' is not defined          no-undef
   82:48   warning  'lscale' is not defined          no-undef
   83:48   warning  'lscale' is not defined          no-undef
  108:47   warning  'lscale' is not defined          no-undef
  108:69   warning  'lscale' is not defined          no-undef
  109:60   warning  'lscale' is not defined          no-undef
  109:95   warning  'lscale' is not defined          no-undef
  131:39   warning  'lscale' is not defined          no-undef
  131:57   warning  'lscale' is not defined          no-undef
  132:39   warning  'lscale' is not defined          no-undef
  132:57   warning  'lscale' is not defined          no-undef
  185:39   warning  'lscale' is not defined          no-undef
  185:57   warning  'lscale' is not defined          no-undef
  186:39   warning  'lscale' is not defined          no-undef
  186:57   warning  'lscale' is not defined          no-undef
  233:33   warning  'lscale' is not defined          no-undef
  234:33   warning  'lscale' is not defined          no-undef
  282:50   warning  'lscale' is not defined          no-undef
  282:72   warning  'lscale' is not defined          no-undef
  287:63   warning  'lscale' is not defined          no-undef
  287:88   warning  'lscale' is not defined          no-undef
  287:106  warning  'lscale' is not defined          no-undef
  287:124  warning  'lscale' is not defined          no-undef
  301:33   warning  'lscale' is not defined          no-undef
  302:33   warning  'lscale' is not defined          no-undef
  303:41   warning  'lscale' is not defined          no-undef
  303:66   warning  'lscale' is not defined          no-undef
  304:41   warning  'lscale' is not defined          no-undef
  304:66   warning  'lscale' is not defined          no-undef
  305:45   warning  'lscale' is not defined          no-undef
  305:70   warning  'lscale' is not defined          no-undef
  306:45   warning  'lscale' is not defined          no-undef
  306:70   warning  'lscale' is not defined          no-undef
  333:61   warning  'lscale' is not defined          no-undef
  333:90   warning  'lscale' is not defined          no-undef
  334:61   warning  'lscale' is not defined          no-undef
  334:96   warning  'lscale' is not defined          no-undef
  335:66   warning  'lscale' is not defined          no-undef
  335:101  warning  'lscale' is not defined          no-undef
  336:66   warning  'lscale' is not defined          no-undef
  336:100  warning  'lscale' is not defined          no-undef
  337:67   warning  'lscale' is not defined          no-undef
  337:101  warning  'lscale' is not defined          no-undef
  338:67   warning  'lscale' is not defined          no-undef
  338:96   warning  'lscale' is not defined          no-undef
  339:61   warning  'lscale' is not defined          no-undef
  339:90   warning  'lscale' is not defined          no-undef
  356:33   warning  'lscale' is not defined          no-undef
  357:33   warning  'lscale' is not defined          no-undef
  386:46   warning  'lscale' is not defined          no-undef
  392:50   warning  'lscale' is not defined          no-undef
  392:72   warning  'lscale' is not defined          no-undef
  422:52   warning  'lscale' is not defined          no-undef
  422:79   warning  'lscale' is not defined          no-undef
  424:56   warning  'lscale' is not defined          no-undef
  424:83   warning  'lscale' is not defined          no-undef
  461:50   warning  'lscale' is not defined          no-undef
  461:72   warning  'lscale' is not defined          no-undef
  467:63   warning  'lscale' is not defined          no-undef
  467:88   warning  'lscale' is not defined          no-undef
  467:106  warning  'lscale' is not defined          no-undef
  467:124  warning  'lscale' is not defined          no-undef
  481:33   warning  'lscale' is not defined          no-undef
  482:33   warning  'lscale' is not defined          no-undef
  483:41   warning  'lscale' is not defined          no-undef
  483:66   warning  'lscale' is not defined          no-undef
  484:41   warning  'lscale' is not defined          no-undef
  484:66   warning  'lscale' is not defined          no-undef
  485:45   warning  'lscale' is not defined          no-undef
  485:70   warning  'lscale' is not defined          no-undef
  486:45   warning  'lscale' is not defined          no-undef
  486:70   warning  'lscale' is not defined          no-undef
  515:50   warning  'lscale' is not defined          no-undef
  515:72   warning  'lscale' is not defined          no-undef
  520:139  warning  'lscale' is not defined          no-undef
  520:172  warning  'lscale' is not defined          no-undef
  520:205  warning  'lscale' is not defined          no-undef
  520:223  warning  'lscale' is not defined          no-undef
  541:50   warning  'lscale' is not defined          no-undef
  541:72   warning  'lscale' is not defined          no-undef
  546:139  warning  'lscale' is not defined          no-undef
  546:172  warning  'lscale' is not defined          no-undef
  546:205  warning  'lscale' is not defined          no-undef
  546:223  warning  'lscale' is not defined          no-undef
  568:50   warning  'lscale' is not defined          no-undef
  568:72   warning  'lscale' is not defined          no-undef
  573:133  warning  'lscale' is not defined          no-undef
  573:172  warning  'lscale' is not defined          no-undef
  573:205  warning  'lscale' is not defined          no-undef
  573:222  warning  'lscale' is not defined          no-undef
  596:39   warning  'lscale' is not defined          no-undef
  596:53   warning  'lscale' is not defined          no-undef
  597:39   warning  'lscale' is not defined          no-undef
  597:53   warning  'lscale' is not defined          no-undef
  598:39   warning  'lscale' is not defined          no-undef
  598:53   warning  'lscale' is not defined          no-undef
  599:39   warning  'lscale' is not defined          no-undef
  599:53   warning  'lscale' is not defined          no-undef
  606:36   warning  'lscale' is not defined          no-undef
  606:50   warning  'lscale' is not defined          no-undef
  606:63   warning  'lscale' is not defined          no-undef
  617:36   warning  'lscale' is not defined          no-undef
  617:50   warning  'lscale' is not defined          no-undef
  617:63   warning  'lscale' is not defined          no-undef
  644:46   warning  'lscale' is not defined          no-undef
  649:50   warning  'lscale' is not defined          no-undef
  649:72   warning  'lscale' is not defined          no-undef
  671:50   warning  'lscale' is not defined          no-undef
  671:72   warning  'lscale' is not defined          no-undef
  675:46   warning  'lscale' is not defined          no-undef
  676:46   warning  'lscale' is not defined          no-undef
  676:67   warning  'lscale' is not defined          no-undef
  677:49   warning  'lscale' is not defined          no-undef
  714:50   warning  'lscale' is not defined          no-undef
  714:72   warning  'lscale' is not defined          no-undef
  730:38   warning  'lscale' is not defined          no-undef
  730:51   warning  'lscale' is not defined          no-undef
  732:38   warning  'lscale' is not defined          no-undef
  734:38   warning  'lscale' is not defined          no-undef
  734:52   warning  'lscale' is not defined          no-undef

/home/runner/work/exp-shell-and-tube-heat-exchanger-iitb/exp-shell-and-tube-heat-exchanger-iitb/experiment/simulation/js/pannel.js
   8:7  warning  'Pannel' is defined but never used        no-unused-vars
  67:7  warning  'Double_Table' is defined but never used  no-unused-vars

/home/runner/work/exp-shell-and-tube-heat-exchanger-iitb/exp-shell-and-tube-heat-exchanger-iitb/experiment/simulation/js/scene.js
   1:7    warning  'Scene' is defined but never used         no-unused-vars
  11:9    warning  'context' is not defined                  no-undef
  11:33   warning  'canvas' is not defined                   no-undef
  11:47   warning  'canvas' is not defined                   no-undef
  27:5    warning  'context' is not defined                  no-undef
  28:9    warning  'grd' is assigned a value but never used  no-unused-vars
  28:15   warning  'context' is not defined                  no-undef
  28:44   warning  'canvas' is not defined                   no-undef
  28:62   warning  'canvas' is not defined                   no-undef
  28:84   warning  'canvas' is not defined                   no-undef
  28:102  warning  'canvas' is not defined                   no-undef
  28:121  warning  'canvas' is not defined                   no-undef
  36:5    warning  'context' is not defined                  no-undef
  37:5    warning  'context' is not defined                  no-undef
  37:28   warning  'canvas' is not defined                   no-undef
  37:42   warning  'canvas' is not defined                   no-undef
  38:5    warning  'context' is not defined                  no-undef
  39:5    warning  'context' is not defined                  no-undef

 1006 problems (0 errors, 1006 warnings)

